<?xml version="1.0" encoding="UTF-8"?>
<!-- Generated by org.testng.reporters.JUnitReportReporter -->
<testsuite skipped="0" hostname="DESKTOP-C0GANN9" name="com.raja.test.GetRequest" tests="1" failures="0" timestamp="29 Jan 2019 06:40:17 GMT" time="4.729" errors="0">
  <testcase name="getRequest" time="4.729" classname="com.raja.test.GetRequest"/>
</testsuite> <!-- com.raja.test.GetRequest -->
