<?xml version="1.0" encoding="UTF-8"?>
<!-- Generated by org.testng.reporters.JUnitReportReporter -->
<testsuite skipped="0" hostname="DESKTOP-C0GANN9" name="com.raja.test.GetCallWeather" tests="1" failures="0" timestamp="26 Jan 2019 06:56:57 GMT" time="2.672" errors="0">
  <testcase name="getWeatherInfo" time="2.672" classname="com.raja.test.GetCallWeather"/>
</testsuite> <!-- com.raja.test.GetCallWeather -->
