<?xml version="1.0" encoding="UTF-8"?>
<!-- Generated by org.testng.reporters.JUnitReportReporter -->
<testsuite skipped="0" hostname="DESKTOP-C0GANN9" name="com.mfino.test.HttpGetTest" tests="1" failures="0" timestamp="07 Jan 2019 06:21:06 GMT" time="7.236" errors="0">
  <testcase name="getTest" time="7.236" classname="com.mfino.test.HttpGetTest"/>
</testsuite> <!-- com.mfino.test.HttpGetTest -->
