<?xml version="1.0" encoding="UTF-8"?>
<!-- Generated by org.testng.reporters.JUnitReportReporter -->
<testsuite skipped="0" hostname="DESKTOP-C0GANN9" name="com.mfino.test.HttpPostTest" tests="1" failures="0" timestamp="07 Jan 2019 06:23:04 GMT" time="0.224" errors="0">
  <testcase name="postApi" time="0.224" classname="com.mfino.test.HttpPostTest"/>
</testsuite> <!-- com.mfino.test.HttpPostTest -->
